<?xml version="1.0" encoding="UTF-8"?>
<coverage generated="1645478696722" clover="3.2.0">
  <project timestamp="1645478696722" name="All files">
    <metrics statements="21" coveredstatements="5" conditionals="0" coveredconditionals="0" methods="1" coveredmethods="0" elements="22" coveredelements="5" complexity="0" loc="21" ncloc="21" packages="1" files="1" classes="1"/>
    <file name="App.tsx" path="D:\Trabalho\Estudos\Live-test-Rocketseat\react-unit-testing\src\App.tsx">
      <metrics statements="21" coveredstatements="5" conditionals="0" coveredconditionals="0" methods="1" coveredmethods="0"/>
      <line num="1" count="1" type="stmt"/>
      <line num="2" count="1" type="stmt"/>
      <line num="3" count="1" type="stmt"/>
      <line num="4" count="0" type="stmt"/>
      <line num="5" count="0" type="stmt"/>
      <line num="6" count="0" type="stmt"/>
      <line num="7" count="0" type="stmt"/>
      <line num="8" count="0" type="stmt"/>
      <line num="9" count="0" type="stmt"/>
      <line num="10" count="0" type="stmt"/>
      <line num="11" count="0" type="stmt"/>
      <line num="12" count="0" type="stmt"/>
      <line num="13" count="0" type="stmt"/>
      <line num="14" count="0" type="stmt"/>
      <line num="15" count="0" type="stmt"/>
      <line num="16" count="0" type="stmt"/>
      <line num="17" count="0" type="stmt"/>
      <line num="18" count="0" type="stmt"/>
      <line num="19" count="0" type="stmt"/>
      <line num="20" count="1" type="stmt"/>
      <line num="21" count="1" type="stmt"/>
    </file>
  </project>
</coverage>
